<?xml version="1.0" encoding="UTF-8"?>
<testsuite xmlns:xsi="http://www.w3.org/2001/XMLSchema-instance" xsi:noNamespaceSchemaLocation="https://maven.apache.org/surefire/maven-surefire-plugin/xsd/surefire-test-report.xsd" name="edu.miu.cs.swe.myjunittestdemo.SecondBiggestTest" time="0.098" tests="3" errors="0" skipped="0" failures="0">
  <properties>
[...]
</properties>
  <testcase name="testSecondBiggest" classname="edu.miu.cs.swe.myjunittestdemo.SecondBiggestTest" time="0"/>
  <testcase name="testsbforsngl" classname="edu.miu.cs.swe.myjunittestdemo.SecondBiggestTest" time="0"/>
  <testcase name="testsbforsngl2" classname="edu.miu.cs.swe.myjunittestdemo.SecondBiggestTest" time="0.001"/>
</testsuite>